<?xml version="1.0" encoding="UTF-8"?>
<!-- Generated by org.testng.reporters.JUnitXMLReporter -->
<testsuite ignored="0" hostname="ICEN513" failures="0" tests="4" name="Default test" time="23.097" errors="0" timestamp="2023-06-08T12:29:26 IST">
  <testcase classname="framework.test.LoginPageTest" name="loginPageTitleTest" time="0.036"/>
  <testcase classname="framework.test.LoginPageTest" name="NaukriLogoImageTest" time="0.06"/>
  <testcase classname="framework.test.LoginPageTest" name="loginSignupTest" time="3.486"/>
  <testcase classname="framework.test.LoginPageTest" name="loginTest" time="0.377"/>
</testsuite> <!-- Default test -->
