<?xml version="1.0" encoding="UTF-8"?>
<!-- Generated by org.testng.reporters.JUnitXMLReporter -->
<testsuite ignored="0" hostname="ICEN513" failures="0" tests="4" name="Default test" time="17.043" errors="0" timestamp="2023-06-04T22:49:58 IST">
  <testcase classname="framework.test.LoginPageTest" name="loginPageTitleTest" time="0.039"/>
  <testcase classname="framework.test.LoginPageTest" name="NaukriLogoImageTest" time="0.068"/>
  <testcase classname="framework.test.LoginPageTest" name="loginSignupTest" time="3.496"/>
  <testcase classname="framework.test.LoginPageTest" name="loginTest" time="0.403"/>
</testsuite> <!-- Default test -->
