<?xml version="1.0" encoding="UTF-8"?>
<!-- Generated by org.testng.reporters.JUnitXMLReporter -->
<testsuite ignored="2" hostname="ICEN513" failures="0" tests="1" name="Test OrangeHRM" time="0.012" errors="0" timestamp="2023-05-02T22:21:30 IST">
  <testcase classname="com.amerisure.base.BaseClassTest" name="@BeforeSuite initialiseExtentReports" time="0.067">
    <failure type="java.lang.NoSuchMethodError" message="&amp;apos;void com.aventstack.extentreports.ExtentReports.attachReporter(com.aventstack.extentreports.observer.ExtentObserver[])&amp;apos;">
      <![CDATA[java.lang.NoSuchMethodError: 'void com.aventstack.extentreports.ExtentReports.attachReporter(com.aventstack.extentreports.observer.ExtentObserver[])'
at com.amerisure.base.BaseClassTest.initialiseExtentReports(BaseClassTest.java:89)
... Removed 19 stack frames]]>
    </failure>
  </testcase> <!-- @BeforeSuite initialiseExtentReports -->
  <testcase classname="com.amerisure.base.BaseClassTest" name="@BeforeTest setup" time="-1.683046290097E9">
    <skipped/>
  </testcase> <!-- @BeforeTest setup -->
  <testcase classname="com.amerisure.base.BaseClassTest" name="@AfterMethod checkStatus" time="-1.683046290104E9">
    <skipped/>
  </testcase> <!-- @AfterMethod checkStatus -->
  <testcase classname="com.amerisure.base.BaseClassTest" name="@AfterTest teardown" time="-1.683046290107E9">
    <skipped/>
  </testcase> <!-- @AfterTest teardown -->
  <testcase classname="com.amerisure.pages.TestClass" name="TestOrangeHRM" time="0.0">
    <skipped/>
  </testcase> <!-- TestOrangeHRM -->
  <testcase classname="com.amerisure.pages.TestClass" name="TestFacebook" time="0.0">
    <ignored/>
  </testcase> <!-- TestFacebook -->
  <testcase classname="com.amerisure.pages.TestClass" name="TestGoogle" time="0.0">
    <ignored/>
  </testcase> <!-- TestGoogle -->
</testsuite> <!-- Test OrangeHRM -->
