<?xml version="1.0" encoding="UTF-8"?>
<!-- Generated by org.testng.reporters.JUnitXMLReporter -->
<testsuite ignored="2" hostname="ICEN513" failures="0" tests="1" name="Test Google" time="0.054" errors="0" timestamp="2023-05-02T22:21:30 IST">
  <testcase classname="com.amerisure.base.BaseClassTest" name="@BeforeTest setup" time="-1.683046289987E9">
    <skipped/>
  </testcase> <!-- @BeforeTest setup -->
  <testcase classname="com.amerisure.base.BaseClassTest" name="@AfterMethod checkStatus" time="-1.683046290026E9">
    <skipped/>
  </testcase> <!-- @AfterMethod checkStatus -->
  <testcase classname="com.amerisure.base.BaseClassTest" name="@AfterTest teardown" time="-1.683046290036E9">
    <skipped/>
  </testcase> <!-- @AfterTest teardown -->
  <testcase classname="com.amerisure.pages.TestClass" name="TestGoogle" time="0.0">
    <skipped/>
  </testcase> <!-- TestGoogle -->
  <testcase classname="com.amerisure.pages.TestClass" name="TestFacebook" time="0.0">
    <ignored/>
  </testcase> <!-- TestFacebook -->
  <testcase classname="com.amerisure.pages.TestClass" name="TestOrangeHRM" time="0.0">
    <ignored/>
  </testcase> <!-- TestOrangeHRM -->
</testsuite> <!-- Test Google -->
