<?xml version="1.0" encoding="UTF-8"?>
<!-- Generated by org.testng.reporters.JUnitXMLReporter -->
<testsuite hostname="ICEN513" ignored="0" name="Test" tests="4" failures="0" timestamp="05 Jun 2023 16:35:39 GMT" time="24.889" errors="0">
  <testcase name="loginPageTitleTest" time="0.032" classname="framework.test.LoginPageTest"/>
  <testcase name="NaukriLogoImageTest" time="0.095" classname="framework.test.LoginPageTest"/>
  <testcase name="loginSignupTest" time="3.457" classname="framework.test.LoginPageTest"/>
  <testcase name="loginTest" time="0.368" classname="framework.test.LoginPageTest"/>
</testsuite> <!-- Test -->
