<?xml version="1.0" encoding="UTF-8"?>
<testng-results skipped="0" failed="0" ignored="0" total="4" passed="4">
  <reporter-output>
  </reporter-output>
  <suite name="Suite" duration-ms="24889" started-at="2023-06-05T16:35:14Z" finished-at="2023-06-05T16:35:39Z">
    <groups>
    </groups>
    <test name="Test" duration-ms="24889" started-at="2023-06-05T16:35:14Z" finished-at="2023-06-05T16:35:39Z">
      <class name="framework.test.LoginPageTest">
        <test-method status="PASS" signature="setUp()[pri:0, instance:framework.test.LoginPageTest@4d339552]" name="setUp" is-config="true" duration-ms="7403" started-at="2023-06-05T22:05:14Z" finished-at="2023-06-05T22:05:21Z">
          <reporter-output>
          </reporter-output>
        </test-method> <!-- setUp -->
        <test-method status="PASS" signature="loginPageTitleTest()[pri:1, instance:framework.test.LoginPageTest@4d339552]" name="loginPageTitleTest" duration-ms="32" started-at="2023-06-05T22:05:21Z" finished-at="2023-06-05T22:05:22Z">
          <reporter-output>
          </reporter-output>
        </test-method> <!-- loginPageTitleTest -->
        <test-method status="PASS" signature="tearDown()[pri:0, instance:framework.test.LoginPageTest@4d339552]" name="tearDown" is-config="true" duration-ms="1018" started-at="2023-06-05T22:05:22Z" finished-at="2023-06-05T22:05:23Z">
          <reporter-output>
          </reporter-output>
        </test-method> <!-- tearDown -->
        <test-method status="PASS" signature="setUp()[pri:0, instance:framework.test.LoginPageTest@4d339552]" name="setUp" is-config="true" duration-ms="2987" started-at="2023-06-05T22:05:23Z" finished-at="2023-06-05T22:05:26Z">
          <reporter-output>
          </reporter-output>
        </test-method> <!-- setUp -->
        <test-method status="PASS" signature="NaukriLogoImageTest()[pri:2, instance:framework.test.LoginPageTest@4d339552]" name="NaukriLogoImageTest" duration-ms="95" started-at="2023-06-05T22:05:26Z" finished-at="2023-06-05T22:05:26Z">
          <reporter-output>
          </reporter-output>
        </test-method> <!-- NaukriLogoImageTest -->
        <test-method status="PASS" signature="tearDown()[pri:0, instance:framework.test.LoginPageTest@4d339552]" name="tearDown" is-config="true" duration-ms="1056" started-at="2023-06-05T22:05:26Z" finished-at="2023-06-05T22:05:27Z">
          <reporter-output>
          </reporter-output>
        </test-method> <!-- tearDown -->
        <test-method status="PASS" signature="setUp()[pri:0, instance:framework.test.LoginPageTest@4d339552]" name="setUp" is-config="true" duration-ms="3110" started-at="2023-06-05T22:05:27Z" finished-at="2023-06-05T22:05:30Z">
          <reporter-output>
          </reporter-output>
        </test-method> <!-- setUp -->
        <test-method status="PASS" signature="loginSignupTest()[pri:3, instance:framework.test.LoginPageTest@4d339552]" name="loginSignupTest" duration-ms="3457" started-at="2023-06-05T22:05:30Z" finished-at="2023-06-05T22:05:33Z">
          <reporter-output>
          </reporter-output>
        </test-method> <!-- loginSignupTest -->
        <test-method status="PASS" signature="tearDown()[pri:0, instance:framework.test.LoginPageTest@4d339552]" name="tearDown" is-config="true" duration-ms="1175" started-at="2023-06-05T22:05:33Z" finished-at="2023-06-05T22:05:34Z">
          <reporter-output>
          </reporter-output>
        </test-method> <!-- tearDown -->
        <test-method status="PASS" signature="setUp()[pri:0, instance:framework.test.LoginPageTest@4d339552]" name="setUp" is-config="true" duration-ms="3154" started-at="2023-06-05T22:05:34Z" finished-at="2023-06-05T22:05:38Z">
          <reporter-output>
          </reporter-output>
        </test-method> <!-- setUp -->
        <test-method status="PASS" signature="loginTest()[pri:4, instance:framework.test.LoginPageTest@4d339552]" name="loginTest" duration-ms="368" started-at="2023-06-05T22:05:38Z" finished-at="2023-06-05T22:05:38Z">
          <reporter-output>
          </reporter-output>
        </test-method> <!-- loginTest -->
        <test-method status="PASS" signature="tearDown()[pri:0, instance:framework.test.LoginPageTest@4d339552]" name="tearDown" is-config="true" duration-ms="1014" started-at="2023-06-05T22:05:38Z" finished-at="2023-06-05T22:05:39Z">
          <reporter-output>
          </reporter-output>
        </test-method> <!-- tearDown -->
      </class> <!-- framework.test.LoginPageTest -->
    </test> <!-- Test -->
  </suite> <!-- Suite -->
</testng-results>
