<?xml version="1.0" encoding="UTF-8"?>
<testng-results ignored="0" total="4" passed="4" failed="0" skipped="0">
  <reporter-output>
  </reporter-output>
  <suite started-at="2023-06-08T12:29:03 IST" name="Default suite" finished-at="2023-06-08T12:29:26 IST" duration-ms="23097">
    <groups>
    </groups>
    <test started-at="2023-06-08T12:29:03 IST" name="Default test" finished-at="2023-06-08T12:29:26 IST" duration-ms="23097">
      <class name="framework.test.LoginPageTest">
        <test-method is-config="true" signature="setUp()[pri:0, instance:framework.test.LoginPageTest@50ad3bc1]" started-at="2023-06-08T12:29:03 IST" name="setUp" finished-at="2023-06-08T12:29:12 IST" duration-ms="8200" status="PASS">
          <reporter-output>
          </reporter-output>
        </test-method> <!-- setUp -->
        <test-method signature="loginPageTitleTest()[pri:1, instance:framework.test.LoginPageTest@50ad3bc1]" started-at="2023-06-08T12:29:12 IST" name="loginPageTitleTest" finished-at="2023-06-08T12:29:12 IST" duration-ms="36" status="PASS">
          <reporter-output>
          </reporter-output>
        </test-method> <!-- loginPageTitleTest -->
        <test-method is-config="true" signature="tearDown()[pri:0, instance:framework.test.LoginPageTest@50ad3bc1]" started-at="2023-06-08T12:29:12 IST" name="tearDown" finished-at="2023-06-08T12:29:12 IST" duration-ms="596" status="PASS">
          <reporter-output>
          </reporter-output>
        </test-method> <!-- tearDown -->
        <test-method is-config="true" signature="setUp()[pri:0, instance:framework.test.LoginPageTest@50ad3bc1]" started-at="2023-06-08T12:29:12 IST" name="setUp" finished-at="2023-06-08T12:29:15 IST" duration-ms="2875" status="PASS">
          <reporter-output>
          </reporter-output>
        </test-method> <!-- setUp -->
        <test-method signature="NaukriLogoImageTest()[pri:2, instance:framework.test.LoginPageTest@50ad3bc1]" started-at="2023-06-08T12:29:15 IST" name="NaukriLogoImageTest" finished-at="2023-06-08T12:29:15 IST" duration-ms="60" status="PASS">
          <reporter-output>
          </reporter-output>
        </test-method> <!-- NaukriLogoImageTest -->
        <test-method is-config="true" signature="tearDown()[pri:0, instance:framework.test.LoginPageTest@50ad3bc1]" started-at="2023-06-08T12:29:15 IST" name="tearDown" finished-at="2023-06-08T12:29:16 IST" duration-ms="509" status="PASS">
          <reporter-output>
          </reporter-output>
        </test-method> <!-- tearDown -->
        <test-method is-config="true" signature="setUp()[pri:0, instance:framework.test.LoginPageTest@50ad3bc1]" started-at="2023-06-08T12:29:16 IST" name="setUp" finished-at="2023-06-08T12:29:19 IST" duration-ms="2988" status="PASS">
          <reporter-output>
          </reporter-output>
        </test-method> <!-- setUp -->
        <test-method signature="loginSignupTest()[pri:3, instance:framework.test.LoginPageTest@50ad3bc1]" started-at="2023-06-08T12:29:19 IST" name="loginSignupTest" finished-at="2023-06-08T12:29:22 IST" duration-ms="3486" status="PASS">
          <reporter-output>
          </reporter-output>
        </test-method> <!-- loginSignupTest -->
        <test-method is-config="true" signature="tearDown()[pri:0, instance:framework.test.LoginPageTest@50ad3bc1]" started-at="2023-06-08T12:29:22 IST" name="tearDown" finished-at="2023-06-08T12:29:23 IST" duration-ms="605" status="PASS">
          <reporter-output>
          </reporter-output>
        </test-method> <!-- tearDown -->
        <test-method is-config="true" signature="setUp()[pri:0, instance:framework.test.LoginPageTest@50ad3bc1]" started-at="2023-06-08T12:29:23 IST" name="setUp" finished-at="2023-06-08T12:29:26 IST" duration-ms="2875" status="PASS">
          <reporter-output>
          </reporter-output>
        </test-method> <!-- setUp -->
        <test-method signature="loginTest()[pri:4, instance:framework.test.LoginPageTest@50ad3bc1]" started-at="2023-06-08T12:29:26 IST" name="loginTest" finished-at="2023-06-08T12:29:26 IST" duration-ms="377" status="PASS">
          <reporter-output>
          </reporter-output>
        </test-method> <!-- loginTest -->
        <test-method is-config="true" signature="tearDown()[pri:0, instance:framework.test.LoginPageTest@50ad3bc1]" started-at="2023-06-08T12:29:26 IST" name="tearDown" finished-at="2023-06-08T12:29:26 IST" duration-ms="440" status="PASS">
          <reporter-output>
          </reporter-output>
        </test-method> <!-- tearDown -->
      </class> <!-- framework.test.LoginPageTest -->
    </test> <!-- Default test -->
  </suite> <!-- Default suite -->
</testng-results>
